Arguments: 
  /usr/local/Cellar/node/11.14.0_1/bin/node /usr/local/bin/yarn add --dev babel-jest @babel/core @babel/preset-env

PATH: 
  /usr/local/Cellar/node/11.14.0_1/bin:/usr/local/bin:/usr/bin:/bin:/usr/sbin:/sbin:/usr/local/Cellar/node/11.14.0_1/bin:/Users/panwenshuang/.npm-global/bin:/Users/panwenshuang/.npm-global/bin:/usr/local/bin:/usr/bin:/bin:/usr/sbin:/sbin:/usr/local/Cellar/node/11.14.0_1/bin:/Users/panwenshuang/.npm-global/bin

Yarn version: 
  1.16.0

Node version: 
  10.16.0

Platform: 
  darwin x64

Trace: 
  Error: http://registry.npm.baidu-int.com/module-alias: ETIMEDOUT
      at Timeout._onTimeout (/usr/local/lib/node_modules/yarn/lib/cli.js:130250:19)
      at ontimeout (timers.js:436:11)
      at tryOnTimeout (timers.js:300:5)
      at listOnTimeout (timers.js:263:5)
      at Timer.processTimers (timers.js:223:10)

npm manifest: 
  {
      "name": "code",
      "version": "1.0.0",
      "description": "be better",
      "main": "index.js",
      "scripts": {
          "test": "jest",
          "test-debug": "npm --node-options --inspect-brk test",
          "dbg": "npm run test-debug"
      },
      "author": "miya",
      "devDependencies": {
          "jest": "^24.9.0"
      },
      "dependencies": {
          "module-alias": "^2.2.2"
      },
      "_moduleAliases": {
          "@src": "./src",
          "@easy": "./src/easy",
          "@medium": "./src/medium",
          "@model": "./src/model",
          "@utils": "./src/utils",
          "@test-utils": "./spec/utils"
      }
  }

yarn manifest: 
  No manifest

Lockfile: 
  No lockfile
